<?xml version="1.0" encoding="UTF-8"?>
<!-- Generated by org.testng.reporters.JUnitXMLReporter -->
<testsuite ignored="0" hostname="Rukmangathan" failures="1" tests="3" name="Test" time="0.125" errors="0" timestamp="2021-05-21T23:33:39 IST">
  <testcase classname="com.testng.org.Testcase" name="test" time="0.026">
    <skipped/>
  </testcase> <!-- test -->
  <testcase classname="com.testng.org.Testcase" name="test" time="0.002">
    <skipped/>
  </testcase> <!-- test -->
  <testcase classname="com.testng.org.Testcase" name="test" time="0.004">
    <failure type="java.lang.AssertionError" message="expected [vig] but found [VIGNESH]">
      <![CDATA[java.lang.AssertionError: expected [vig] but found [VIGNESH]
at com.testng.org.Testcase.test(Testcase.java:9)
at java.base/java.util.ArrayList.forEach(ArrayList.java:1511)
... Removed 32 stack frames]]>
    </failure>
  </testcase> <!-- test -->
</testsuite> <!-- Test -->
