<?xml version="1.0" encoding="UTF-8"?>
<!-- Generated by org.testng.reporters.JUnitXMLReporter -->
<testsuite ignored="0" hostname="Rukmangathan" failures="0" tests="6" name="Default test" time="0.097" errors="0" timestamp="2021-05-21T22:53:06 IST">
  <testcase classname="com.testng.org.dependency" name="d" time="0.017"/>
  <testcase classname="com.testng.org.dependency" name="e" time="0.003"/>
  <testcase classname="com.testng.org.dependency" name="f" time="0.001"/>
  <testcase classname="com.testng.org.dependency" name="c" time="0.002"/>
  <testcase classname="com.testng.org.dependency" name="b" time="0.002"/>
  <testcase classname="com.testng.org.dependency" name="a" time="0.001"/>
</testsuite> <!-- Default test -->
