<?xml version="1.0" encoding="UTF-8"?>
<!-- Generated by org.testng.reporters.JUnitXMLReporter -->
<testsuite ignored="0" hostname="Rukmangathan" failures="1" tests="5" name="Test" time="0.11" errors="0" timestamp="2021-05-21T18:47:19 IST">
  <testcase classname="com.testing.org.retrysample" name="test" time="0.019">
    <skipped/>
  </testcase> <!-- test -->
  <testcase classname="com.testing.org.retrysample" name="test" time="0.005">
    <skipped/>
  </testcase> <!-- test -->
  <testcase classname="com.testing.org.retrysample" name="test" time="0.002">
    <skipped/>
  </testcase> <!-- test -->
  <testcase classname="com.testing.org.retrysample" name="test" time="0.003">
    <skipped/>
  </testcase> <!-- test -->
  <testcase classname="com.testing.org.retrysample" name="test" time="0.002">
    <failure type="java.lang.AssertionError" message="expected [Miru] but found [miru]">
      <![CDATA[java.lang.AssertionError: expected [Miru] but found [miru]
at com.testing.org.retrysample.test(retrysample.java:11)
at java.base/java.util.ArrayList.forEach(ArrayList.java:1511)
... Removed 32 stack frames]]>
    </failure>
  </testcase> <!-- test -->
</testsuite> <!-- Test -->
